<?xml version='1.0' encoding='UTF-8'?>
<testsuite hostname="Anton" name="mnemocast.engine.domain.services.TimeTargetingServiceSpec" tests="8" errors="0" failures="0" skipped="0" time="0.063" timestamp="2025-12-17T13:29:53">
          <properties>
[...]
</properties>
          <testcase classname="mnemocast.engine.domain.services.TimeTargetingServiceSpec" name="TimeTargetingService should match time bands when current time is within range" time="0.047">
                      
                    </testcase><testcase classname="mnemocast.engine.domain.services.TimeTargetingServiceSpec" name="TimeTargetingService should not match time bands when current time is outside range" time="0.001">
                      
                    </testcase><testcase classname="mnemocast.engine.domain.services.TimeTargetingServiceSpec" name="TimeTargetingService should match time bands with specific day of week restriction" time="0.001">
                      
                    </testcase><testcase classname="mnemocast.engine.domain.services.TimeTargetingServiceSpec" name="TimeTargetingService should not match time bands when day of week doesn't match" time="0.001">
                      
                    </testcase><testcase classname="mnemocast.engine.domain.services.TimeTargetingServiceSpec" name="TimeTargetingService should match time bands that wrap around midnight" time="0.001">
                      
                    </testcase><testcase classname="mnemocast.engine.domain.services.TimeTargetingServiceSpec" name="TimeTargetingService should parse time band from targeting rule string format" time="0.01">
                      
                    </testcase><testcase classname="mnemocast.engine.domain.services.TimeTargetingServiceSpec" name="TimeTargetingService should parse time band with day of week restrictions" time="0.001">
                      
                    </testcase><testcase classname="mnemocast.engine.domain.services.TimeTargetingServiceSpec" name="TimeTargetingService should return None for invalid time band format" time="0.001">
                      
                    </testcase>
          <system-out><![CDATA[]]></system-out>
          <system-err><![CDATA[]]></system-err>
        </testsuite>